nohup: ignoring input
/grad/wang3262/Proj_1_LagrangeDA/code/Lagrangian_DA.py:560: RuntimeWarning: divide by zero encountered in divide
  deno = 1 / (r1[:, 0] * r2[:, 1] - r1[:, 1] * r2[:, 0])
/grad/wang3262/Proj_1_LagrangeDA/code/Lagrangian_DA.py:560: RuntimeWarning: invalid value encountered in divide
  deno = 1 / (r1[:, 0] * r2[:, 1] - r1[:, 1] * r2[:, 0])
/grad/wang3262/Proj_1_LagrangeDA/code/Lagrangian_DA.py:253: RuntimeWarning: divide by zero encountered in divide
  InvBoB = 1 / (Sigma1 * Sigma1.conj() + Sigma2 * Sigma2.conj())
/grad/wang3262/Proj_1_LagrangeDA/code/Lagrangian_DA.py:253: RuntimeWarning: invalid value encountered in divide
  InvBoB = 1 / (Sigma1 * Sigma1.conj() + Sigma2 * Sigma2.conj())
Keys: <KeysViewHDF5 ['#refs#', 'T', 'ape', 'countDiag', 'cut', 'dt', 'ene', 'etp', 'ii', 'ke', 'params', 'psi_1_t', 'psi_1_t_fine', 'psi_2_t', 'qp', 's_rate', 'tol', 'topo', 'utz', 'vb']>
Traceback (most recent call last):
  File "/grad/wang3262/Proj_1_LagrangeDA/code/lsmdab22_flow.py", line 77, in <module>
    mu_t_lsm, R_t_lsm = lsm_da.forward(N, N_chunk, dt, s_rate=1, tracer=False, psi1_k_t=psi1_k_t_fine, psi2_k_t0=psi2_k_t[:, :, 0])
                        ^^^^^^^^^^^^^^^^^^^^^^^^^^^^^^^^^^^^^^^^^^^^^^^^^^^^^^^^^^^^^^^^^^^^^^^^^^^^^^^^^^^^^^^^^^^^^^^^^^^^^^^^^^^
  File "/grad/wang3262/Proj_1_LagrangeDA/code/Lagrangian_DA.py", line 573, in forward
    mu_t, R_t = forward_OU_flow(N, N_chunk, dt, psi1_k_t.T, mu0, R0, mu_t, R_t, A0_, A1, a0_, a1, F1, F2, Sigma1, Sigma2, sigma1, sigma2, s_rate)
                ^^^^^^^^^^^^^^^^^^^^^^^^^^^^^^^^^^^^^^^^^^^^^^^^^^^^^^^^^^^^^^^^^^^^^^^^^^^^^^^^^^^^^^^^^^^^^^^^^^^^^^^^^^^^^^^^^^^^^^^^^^^^^^^^^
  File "/grad/wang3262/Proj_1_LagrangeDA/code/Lagrangian_DA.py", line 261, in forward_OU_flow
    A0_t, a0_t = get_A_OU_flow(psi1_k_t[i-1:i-1+N_chunk, :], A0_, a0_, F1, F2)
                 ^^^^^^^^^^^^^^^^^^^^^^^^^^^^^^^^^^^^^^^^^^^^^^^^^^^^^^^^^^^^^
  File "/grad/wang3262/Proj_1_LagrangeDA/code/Lagrangian_DA.py", line 40, in get_A_OU_flow
    A0 = A0_ * psi1_k_t + F1
         ~~~~^~~~~~~~~~
ValueError: operands could not be broadcast together with shapes (797,) (10000,793) 
